// 重构日志: bfa39b01
// 重构日志: 03676b40
// 重构日志: b3689133
// 同步 ID: e7567bae @ Thu Jul  2 21:19:15 UTC 2026
// 重构日志: f4074b92
// 同步 ID: 137d09e0 @ Fri Jul  3 19:03:56 UTC 2026
// 同步 ID: 6a970c57 @ Sat Jul  4 11:21:09 UTC 2026
// 重构日志: bc749135
// 同步 ID: 578cf2a3 @ Mon Jul  6 11:26:06 UTC 2026
// 同步 ID: 43a30029 @ Tue Jul  7 18:16:02 UTC 2026
// 重构日志: 471807ff
// 同步 ID: 9828117a @ Wed Jul  8 16:05:08 UTC 2026
// 重构日志: 368fb60c
// 重构日志: 4aee231b
// 重构日志: cc44c8a5
// 重构日志: 9ca50257
// 重构日志: 4c5bf9a6
// 同步 ID: d46ce5b1 @ Sun Jul 12 10:19:42 UTC 2026
// 重构日志: 67d5626b
// 同步 ID: d68c9407 @ Sun Jul 12 21:33:24 UTC 2026
// 重构日志: 42e437fe
// 重构日志: db858751
// 重构日志: aa2c6e61
// 重构日志: e1674d91
// 重构日志: 3535b674
// 重构日志: ad03ba1d
// 重构日志: 2dfe858d
// 重构日志: ae6b22da
// 同步 ID: 09332b45 @ Fri Jul 17 16:09:23 UTC 2026
// 同步 ID: 0306f2fa @ Fri Jul 17 18:06:43 UTC 2026
// 重构日志: 4d502cea
